Приложение сетевой чат запущено
Приложение сетевой чат запущено
Приложение сетевой чат запущено
Приложение сетевой чат запущено
марина: привет
петя: привет
света: привет
катя: привет
Приложение сетевой чат запущено
Приложение сетевой чат запущено
Приложение сетевой чат запущено
Приложение сетевой чат запущено
Приложение сетевой чат запущено
Приложение сетевой чат запущено
Приложение сетевой чат запущено
Приложение сетевой чат запущено
Приложение сетевой чат запущено
Приложение сетевой чат запущено
Приложение сетевой чат запущено
Приложение сетевой чат запущено
марина: привет
катя: привет
лена: привет
катя: пока
марина: пока
лена: пока
Приложение сетевой чат запущено
Приложение сетевой чат запущено
Приложение сетевой чат запущено
Приложение сетевой чат запущено
Приложение сетевой чат запущено
Приложение сетевой чат запущено
Приложение сетевой чат запущено
Приложение сетевой чат запущено
аня: привет
аня: привет
аня: пока
аня: пока
Приложение сетевой чат запущено
Приложение сетевой чат запущено
Приложение сетевой чат запущено
Приложение сетевой чат запущено
ан: привет
аня: привет
аня: привет
Приложение сетевой чат запущено
Приложение сетевой чат запущено
Приложение сетевой чат запущено
Приложение сетевой чат запущено
Приложение сетевой чат запущено
Приложение сетевой чат запущено
Приложение сетевой чат запущено
Приложение сетевой чат запущено
аня: 
