Успешное подключение клиента 'света' к серверу!
Сообщение 'привет' от пользователя 'света'  отправлено в 00:14:44.450391300
Успешное подключение клиента 'марина' к серверу!
Успешное подключение клиента 'петя' к серверу!
Сообщение 'привет' от пользователя 'марина'  отправлено в 00:14:44.466220
Успешное подключение клиента 'катя' к серверу!
Сообщение 'привет' от пользователя 'петя'  отправлено в 00:14:44.469212200
Сообщение 'привет' от пользователя 'катя'  отправлено в 00:14:44.473202500
Успешное подключение клиента 'лена' к серверу!
Успешное подключение клиента 'катя' к серверу!
Успешное подключение клиента 'марина' к серверу!
Сообщение 'привет' от пользователя 'катя'  отправлено в 00:54:49.721581400
Сообщение 'привет' от пользователя 'лена'  отправлено в 00:54:49.721581400
Сообщение 'привет' от пользователя 'марина'  отправлено в 00:54:49.723577200
Успешное подключение клиента 'марина' к серверу!
Успешное подключение клиента 'катя' к серверу!
Успешное подключение клиента 'лена' к серверу!
Сообщение 'пока' от пользователя 'марина'  отправлено в 00:55:01.311447800
Сообщение 'пока' от пользователя 'катя'  отправлено в 00:55:01.311447800
Сообщение 'пока' от пользователя 'лена'  отправлено в 00:55:01.311447800
Успешное подключение клиента 'аня' к серверу!
Сообщение 'привет' от пользователя 'аня'  отправлено в 00:58:22.058554800
Успешное подключение клиента 'аня' к серверу!
Сообщение 'привет' от пользователя 'аня'  отправлено в 00:58:25.847252300
Успешное подключение клиента 'аня' к серверу!
Сообщение 'пока' от пользователя 'аня'  отправлено в 00:58:37.950898400
Успешное подключение клиента 'аня' к серверу!
Сообщение 'пока' от пользователя 'аня'  отправлено в 00:58:37.950898400
Успешное подключение клиента 'аня' к серверу!
Сообщение 'привет' от пользователя 'аня'  отправлено в 01:00:17.090340900
